26/10 14:52:11 XML Transaction Logger started
26/10 14:57:11 Logging completed
	2 records was logged
26/10 14:57:41 Released logs record to file mobifone_20230314135358_0000411105.xml.gz
26/10 15:16:12 Logging completed
	2 records was logged
26/10 15:16:42 Released logs record to file mobifone_20231026145741_0000411106.xml.gz
26/10 15:22:13 [NOTIFICATION] THREAD : Is running
26/10 15:51:21 Logging completed
	2 records was logged
26/10 15:51:51 Released logs record to file mobifone_20231026151642_0000411107.xml.gz
26/10 15:52:21 [NOTIFICATION] THREAD : Is running
26/10 16:30:30 XML Transaction Logger started
26/10 16:45:57 Logging completed
	1 records was logged
26/10 16:46:30 Released logs record to file mobifone_20231026155151_0000411108.xml.gz
26/10 16:47:00 Logging completed
	1 records was logged
26/10 16:47:30 Released logs record to file mobifone_20231026164630_0000411109.xml.gz
26/10 17:00:31 [NOTIFICATION] THREAD : Is running
26/10 17:30:33 [NOTIFICATION] THREAD : Is running
