26/10 14:52:11 Anti Profit Dispatcher started
26/10 14:52:11 [2]Start connecting to server [ANTI_PROFIT],ID:[ANTI_PROFIT]
26/10 14:52:11 [2]Prepared client [2]
26/10 14:52:11 [2]Connected to server [ANTI_PROFIT]
26/10 15:22:11 [2][NOTIFICATION] COMMAND : No transaction
26/10 15:22:11 [2][NOTIFICATION] CONNECTION : Is alive
26/10 15:22:12 [NOTIFICATION] THREAD : Is running
26/10 15:52:11 [2][NOTIFICATION] COMMAND : No transaction
26/10 15:52:11 [2][NOTIFICATION] CONNECTION : Is alive
26/10 15:52:19 [NOTIFICATION] THREAD : Is running
26/10 16:30:30 Anti Profit Dispatcher started
26/10 16:30:30 [2]Start connecting to server [ANTI_PROFIT],ID:[ANTI_PROFIT]
26/10 16:30:30 [2]Prepared client [2]
26/10 16:30:30 [2]Connected to server [ANTI_PROFIT]
26/10 17:00:29 [NOTIFICATION] THREAD : Is running
26/10 17:00:30 [2][NOTIFICATION] COMMAND : No transaction
26/10 17:00:30 [2][NOTIFICATION] CONNECTION : Is alive
26/10 17:30:30 [2][NOTIFICATION] COMMAND : No transaction
26/10 17:30:30 [2][NOTIFICATION] CONNECTION : Is alive
26/10 17:30:30 [NOTIFICATION] THREAD : Is running
