26/10 14:52:10 Dispatcher Logger started
26/10 14:57:10 Logging completed
	2 records was detach
	2 records was logged
	2 records was imported
26/10 14:57:10 [NOTIFICATION] THREAD : Logger is running
26/10 15:16:12 Logging completed
	2 records was detach
	2 records was logged
	2 records was imported
26/10 15:16:12 [NOTIFICATION] THREAD : Logger is running
26/10 15:50:53 Logging completed
	2 records was detach
	2 records was logged
	2 records was imported
26/10 15:50:53 [NOTIFICATION] THREAD : Logger is running
26/10 16:30:29 Dispatcher Logger started
26/10 16:45:56 Logging completed
	1 records was detach
	1 records was logged
	1 records was imported
26/10 16:45:56 [NOTIFICATION] THREAD : Logger is running
26/10 16:46:59 Logging completed
	1 records was detach
	1 records was logged
	1 records was imported
