26/10 14:52:30 Log cleaner started
26/10 14:52:30 Start cleaning
26/10 14:52:30 Start cleaning folder 'log'
26/10 14:52:30 Cleaning folder 'log' completed
	0 files was cleaned
26/10 14:52:30 Cleaning completed
26/10 15:53:05 [NOTIFICATION] THREAD : Is running
26/10 15:53:05 Start cleaning
26/10 15:53:05 Start cleaning folder 'log'
26/10 15:53:05 Cleaning folder 'log' completed
	0 files was cleaned
26/10 15:53:05 Cleaning completed
26/10 16:30:11 Log cleaner started
26/10 16:30:11 Start cleaning
26/10 16:30:11 Start cleaning folder 'log'
26/10 16:30:11 Cleaning folder 'log' completed
	0 files was cleaned
26/10 16:30:11 Cleaning completed
26/10 17:30:51 [NOTIFICATION] THREAD : Is running
26/10 17:30:51 Start cleaning
26/10 17:30:51 Start cleaning folder 'log'
26/10 17:30:51 Cleaning folder 'log' completed
	0 files was cleaned
26/10 17:30:51 Cleaning completed
