26/10 14:52:12 CPS_Diameter Dispatcher started
26/10 14:52:12 [8]Start connecting to server [CPS_DIAMETER],ID:[CPS_DIAMETER]
26/10 14:52:12 [8]Trying to connect..
26/10 14:52:12 [8]Connection open
26/10 14:52:17 [8]Connection created
26/10 14:52:17 [8]Trying to login
26/10 14:52:18 [8]Logged in
26/10 14:52:18 [8]Connected to server [CPS_DIAMETER]
26/10 14:56:17 [8]Processing message : 
command=direct_debit,
                        seq=0000080191,
                        msisdn=84940000575,
                        amount=5500,
                        cps_b_isdn=0000000001,
                        cps_extra_info=g00000000000000000000000000000000000000051_52-20231026145617-5500-0000000001
26/10 14:56:17 [8]SEND --> Command(272) Credit-Control Request
Application id:4
HopByHop id:0x0
EndToEnd id:0x2b10001c
AVPs:
Session-Id(263):khanhnc-GOOGLE-049236.GPLAY.84940000575.g00000000000000000000000000000000000000051_52.0000080191
Acct-Application-Id(259):4(RFC 4006 CCA)
Destination-Realm(283):cps.mobifone.vn
Destination-Host(293):10.11.10.144
Origin-Host(264):127.0.0.1
Origin-Realm(296):pay.mobifone.vn
Auth-Application-Id(258):4(RFC 4006 CCA)
Service-Context-Id(461):6.32260@3gpp.org
CC-Request-Type(416):4(EVENT_REQUEST)
CC-Request-Number(415):0
Requested-Action(436):0(DIRECT_DEBITING)
Subscription-Id(443):{
  Subscription-Id-Type(450):0(END_USER_E164)
  Subscription-Id-Data(444):940000575
}
Multiple-Services-Credit-Control(456):{
  Service-Identifier(439):4
  Requested-Service-Unit(437):  {
    CC-Money(413):    {
      Unit-Value(445):      {
        Value-Digits(447):5500
      }
    }
  }
}
B_ISDN(10116):0000000001
CATEGORY_ID(10113):000001
ShortCode(10115):049236
CP_ID(10111):002
SP_ID(10112):001
CONTENT_ID(10114):0000080191
EXTRA_INFO(10117):g00000000000000000000000000000000000000051_52-20231026145617-5500-0000000001

26/10 14:56:17 [8]RECV <-- Command(272) Credit-Control Answer
Application id:4
HopByHop id:0x6af8326f
EndToEnd id:0x2b10001c
AVPs:
Session-Id(263):khanhnc-GOOGLE-049236.GPLAY.84940000575.g00000000000000000000000000000000000000051_52.0000080191
Acct-Application-Id(259):4(RFC 4006 CCA)
Auth-Application-Id(258):4(RFC 4006 CCA)
Auth-Application-Id(258):4(RFC 4006 CCA)
CC-Request-Number(415):0
CC-Request-Type(416):4(EVENT_REQUEST)
Direct-Debiting-Failure-Handling(428):1(CONTINUE)
Multiple-Services-Credit-Control(456):{
  Service-Identifier(439):4
  Granted-Service-Unit(431):  {
    CC-Money(413):    {
      Unit-Value(445):      {
        Value-Digits(447):1000
      }
      Currency-Code(425):0
    }
  }
  REFUND_INFOMATION(2022):01007cps.com02047googleplay-L.0.g231507328071157137.0.0.041268.0050101568826190085683c3f786d6c2076657273696f6e3d22312e302220656e636f64696e673d2249534f2d383835392d31223f3e3c636f73745f6c73743e3c636c69656e742069643d2230223e3c636c69656e745f69643e3739353430363733373c2f636c69656e745f69643e3c6163632069643d2230223e3c6163635f69643e3739353430363733373c2f6163635f69643e3c636172645f6e756d6265723e3739353430363733373c2f636172645f6e756d6265723e3c6d7369643e3435323031393933313038383334373c2f6d7369643e3c63737465743e32363438383c2f63737465743e3c63737469743e32363438383c2f63737469743e3c6e5f7461723e303c2f6e5f7461723e3c2f6163633e3c2f636c69656e743e3c2f636f73745f6c73743e210010
  Result-Code(268):2001(DIAMETER_SUCCESS)
}
Result-Code(268):2001(DIAMETER_SUCCESS)
CPS_RESULT_CODE(1021):CPS-0000

26/10 14:56:17 [8]Processed : 
result=CPS-0000,refund_information=01007cps.com02047googleplay-L.0.g231507328071157137.0.0.041268.0050101568826190085683c3f786d6c2076657273696f6e3d22312e302220656e636f64696e673d2249534f2d383835392d31223f3e3c636f73745f6c73743e3c636c69656e742069643d2230223e3c636c69656e745f69643e3739353430363733373c2f636c69656e745f69643e3c6163632069643d2230223e3c6163635f69643e3739353430363733373c2f6163635f69643e3c636172645f6e756d6265723e3739353430363733373c2f636172645f6e756d6265723e3c6d7369643e3435323031393933313038383334373c2f6d7369643e3c63737465743e32363438383c2f63737465743e3c63737469743e32363438383c2f63737469743e3c6e5f7461723e303c2f6e5f7461723e3c2f6163633e3c2f636c69656e743e3c2f636f73745f6c73743e210010,command=direct_debit,cps_transaction_id=0000080191
26/10 14:56:27 [8]Processing message : 
command=refund,
seq=0000080191,
msisdn=84940000575,
amount=5500,
refund_information=01007cps.com02047googleplay-L.0.g231507328071157137.0.0.041268.0050101568826190085683c3f786d6c2076657273696f6e3d22312e302220656e636f64696e673d2249534f2d383835392d31223f3e3c636f73745f6c73743e3c636c69656e742069643d2230223e3c636c69656e745f69643e3739353430363733373c2f636c69656e745f69643e3c6163632069643d2230223e3c6163635f69643e3739353430363733373c2f6163635f69643e3c636172645f6e756d6265723e3739353430363733373c2f636172645f6e756d6265723e3c6d7369643e3435323031393933313038383334373c2f6d7369643e3c63737465743e32363438383c2f63737465743e3c63737469743e32363438383c2f63737469743e3c6e5f7461723e303c2f6e5f7461723e3c2f6163633e3c2f636c69656e743e3c2f636f73745f6c73743e210010,
cps_b_isdn=0000000001,
cps_extra_info=g00000000000000000000000000000000000000051_52-20231026145627-5500-0000000001
26/10 14:56:27 [8]SEND --> Command(272) Credit-Control Request
Application id:4
HopByHop id:0x0
EndToEnd id:0x2b100020
AVPs:
Session-Id(263):khanhnc-GOOGLE-049236.GPLAY.84940000575.g00000000000000000000000000000000000000051_52.0000080191
Acct-Application-Id(259):4(RFC 4006 CCA)
Destination-Realm(283):cps.mobifone.vn
Destination-Host(293):10.11.10.144
Origin-Host(264):127.0.0.1
Origin-Realm(296):pay.mobifone.vn
Auth-Application-Id(258):4(RFC 4006 CCA)
Service-Context-Id(461):6.32260@3gpp.org
CC-Request-Type(416):4(EVENT_REQUEST)
CC-Request-Number(415):0
Requested-Action(436):1(REFUND_ACCOUNT)
Subscription-Id(443):{
  Subscription-Id-Type(450):0(END_USER_E164)
  Subscription-Id-Data(444):940000575
}
Multiple-Services-Credit-Control(456):{
  Service-Identifier(439):4
  REFUND_INFOMATION(2022):01007cps.com02047googleplay-L.0.g231507328071157137.0.0.041268.0050101568826190085683c3f786d6c2076657273696f6e3d22312e302220656e636f64696e673d2249534f2d383835392d31223f3e3c636f73745f6c73743e3c636c69656e742069643d2230223e3c636c69656e745f69643e3739353430363733373c2f636c69656e745f69643e3c6163632069643d2230223e3c6163635f69643e3739353430363733373c2f6163635f69643e3c636172645f6e756d6265723e3739353430363733373c2f636172645f6e756d6265723e3c6d7369643e3435323031393933313038383334373c2f6d7369643e3c63737465743e32363438383c2f63737465743e3c63737469743e32363438383c2f63737469743e3c6e5f7461723e303c2f6e5f7461723e3c2f6163633e3c2f636c69656e743e3c2f636f73745f6c73743e210010
}
B_ISDN(10116):0000000001
CATEGORY_ID(10113):000002
ShortCode(10115):049236
CP_ID(10111):002
SP_ID(10112):001
CONTENT_ID(10114):0000080191
EXTRA_INFO(10117):g00000000000000000000000000000000000000051_52-20231026145627-5500-0000000001

26/10 14:56:27 [8]RECV <-- Command(272) Credit-Control Answer
Application id:4
HopByHop id:0x6af83270
EndToEnd id:0x2b100020
AVPs:
Session-Id(263):khanhnc-GOOGLE-049236.GPLAY.84940000575.g00000000000000000000000000000000000000051_52.0000080191
Acct-Application-Id(259):4(RFC 4006 CCA)
Auth-Application-Id(258):4(RFC 4006 CCA)
Auth-Application-Id(258):4(RFC 4006 CCA)
CC-Request-Number(415):0
CC-Request-Type(416):4(EVENT_REQUEST)
Multiple-Services-Credit-Control(456):{
  Service-Identifier(439):4
  Result-Code(268):2001(DIAMETER_SUCCESS)
}
Result-Code(268):2001(DIAMETER_SUCCESS)
CPS_RESULT_CODE(1021):CPS-0000

26/10 14:56:27 [8]Processed : 
result=CPS-0000,command=refund,cps_transaction_id=0000080191
26/10 15:16:07 [8]Processing message : 
command=direct_debit,
                        seq=0000080192,
                        msisdn=84940000575,
                        amount=5500,
                        cps_b_isdn=0000000001,
                        cps_extra_info=g00000000000000000000000000000000000000051_53-20231026151607-5500-0000000001
26/10 15:16:07 [8]SEND --> Command(272) Credit-Control Request
Application id:4
HopByHop id:0x0
EndToEnd id:0x2b100098
AVPs:
Session-Id(263):khanhnc-GOOGLE-049236.GPLAY.84940000575.g00000000000000000000000000000000000000051_53.0000080192
Acct-Application-Id(259):4(RFC 4006 CCA)
Destination-Realm(283):cps.mobifone.vn
Destination-Host(293):10.11.10.144
Origin-Host(264):127.0.0.1
Origin-Realm(296):pay.mobifone.vn
Auth-Application-Id(258):4(RFC 4006 CCA)
Service-Context-Id(461):6.32260@3gpp.org
CC-Request-Type(416):4(EVENT_REQUEST)
CC-Request-Number(415):0
Requested-Action(436):0(DIRECT_DEBITING)
Subscription-Id(443):{
  Subscription-Id-Type(450):0(END_USER_E164)
  Subscription-Id-Data(444):940000575
}
Multiple-Services-Credit-Control(456):{
  Service-Identifier(439):4
  Requested-Service-Unit(437):  {
    CC-Money(413):    {
      Unit-Value(445):      {
        Value-Digits(447):5500
      }
    }
  }
}
B_ISDN(10116):0000000001
CATEGORY_ID(10113):000001
ShortCode(10115):049236
CP_ID(10111):002
SP_ID(10112):001
CONTENT_ID(10114):0000080192
EXTRA_INFO(10117):g00000000000000000000000000000000000000051_53-20231026151607-5500-0000000001

26/10 15:16:07 [8]RECV <-- Command(272) Credit-Control Answer
Application id:4
HopByHop id:0x6af83271
EndToEnd id:0x2b100098
AVPs:
Session-Id(263):khanhnc-GOOGLE-049236.GPLAY.84940000575.g00000000000000000000000000000000000000051_53.0000080192
Acct-Application-Id(259):4(RFC 4006 CCA)
Auth-Application-Id(258):4(RFC 4006 CCA)
Auth-Application-Id(258):4(RFC 4006 CCA)
CC-Request-Number(415):0
CC-Request-Type(416):4(EVENT_REQUEST)
Direct-Debiting-Failure-Handling(428):1(CONTINUE)
Multiple-Services-Credit-Control(456):{
  Service-Identifier(439):4
  Granted-Service-Unit(431):  {
    CC-Money(413):    {
      Unit-Value(445):      {
        Value-Digits(447):1000
      }
      Currency-Code(425):0
    }
  }
  REFUND_INFOMATION(2022):01007cps.com02047googleplay-L.0.g231507328071157137.0.0.041268.0050101568826190085683c3f786d6c2076657273696f6e3d22312e302220656e636f64696e673d2249534f2d383835392d31223f3e3c636f73745f6c73743e3c636c69656e742069643d2230223e3c636c69656e745f69643e3739353430363733373c2f636c69656e745f69643e3c6163632069643d2230223e3c6163635f69643e3739353430363733373c2f6163635f69643e3c636172645f6e756d6265723e3739353430363733373c2f636172645f6e756d6265723e3c6d7369643e3435323031393933313038383334373c2f6d7369643e3c63737465743e32363438383c2f63737465743e3c63737469743e32363438383c2f63737469743e3c6e5f7461723e303c2f6e5f7461723e3c2f6163633e3c2f636c69656e743e3c2f636f73745f6c73743e210010
  Result-Code(268):2001(DIAMETER_SUCCESS)
}
Result-Code(268):2001(DIAMETER_SUCCESS)
CPS_RESULT_CODE(1021):CPS-0000

26/10 15:16:07 [8]Processed : 
result=CPS-0000,refund_information=01007cps.com02047googleplay-L.0.g231507328071157137.0.0.041268.0050101568826190085683c3f786d6c2076657273696f6e3d22312e302220656e636f64696e673d2249534f2d383835392d31223f3e3c636f73745f6c73743e3c636c69656e742069643d2230223e3c636c69656e745f69643e3739353430363733373c2f636c69656e745f69643e3c6163632069643d2230223e3c6163635f69643e3739353430363733373c2f6163635f69643e3c636172645f6e756d6265723e3739353430363733373c2f636172645f6e756d6265723e3c6d7369643e3435323031393933313038383334373c2f6d7369643e3c63737465743e32363438383c2f63737465743e3c63737469743e32363438383c2f63737469743e3c6e5f7461723e303c2f6e5f7461723e3c2f6163633e3c2f636c69656e743e3c2f636f73745f6c73743e210010,command=direct_debit,cps_transaction_id=0000080192
26/10 15:16:09 [8]Processing message : 
command=refund,
seq=0000080192,
msisdn=84940000575,
amount=5500,
refund_information=01007cps.com02047googleplay-L.0.g231507328071157137.0.0.041268.0050101568826190085683c3f786d6c2076657273696f6e3d22312e302220656e636f64696e673d2249534f2d383835392d31223f3e3c636f73745f6c73743e3c636c69656e742069643d2230223e3c636c69656e745f69643e3739353430363733373c2f636c69656e745f69643e3c6163632069643d2230223e3c6163635f69643e3739353430363733373c2f6163635f69643e3c636172645f6e756d6265723e3739353430363733373c2f636172645f6e756d6265723e3c6d7369643e3435323031393933313038383334373c2f6d7369643e3c63737465743e32363438383c2f63737465743e3c63737469743e32363438383c2f63737469743e3c6e5f7461723e303c2f6e5f7461723e3c2f6163633e3c2f636c69656e743e3c2f636f73745f6c73743e210010,
cps_b_isdn=0000000001,
cps_extra_info=g00000000000000000000000000000000000000051_53-20231026151609-5500-0000000001
26/10 15:16:09 [8]SEND --> Command(272) Credit-Control Request
Application id:4
HopByHop id:0x0
EndToEnd id:0x2b10009c
AVPs:
Session-Id(263):khanhnc-GOOGLE-049236.GPLAY.84940000575.g00000000000000000000000000000000000000051_53.0000080192
Acct-Application-Id(259):4(RFC 4006 CCA)
Destination-Realm(283):cps.mobifone.vn
Destination-Host(293):10.11.10.144
Origin-Host(264):127.0.0.1
Origin-Realm(296):pay.mobifone.vn
Auth-Application-Id(258):4(RFC 4006 CCA)
Service-Context-Id(461):6.32260@3gpp.org
CC-Request-Type(416):4(EVENT_REQUEST)
CC-Request-Number(415):0
Requested-Action(436):1(REFUND_ACCOUNT)
Subscription-Id(443):{
  Subscription-Id-Type(450):0(END_USER_E164)
  Subscription-Id-Data(444):940000575
}
Multiple-Services-Credit-Control(456):{
  Service-Identifier(439):4
  REFUND_INFOMATION(2022):01007cps.com02047googleplay-L.0.g231507328071157137.0.0.041268.0050101568826190085683c3f786d6c2076657273696f6e3d22312e302220656e636f64696e673d2249534f2d383835392d31223f3e3c636f73745f6c73743e3c636c69656e742069643d2230223e3c636c69656e745f69643e3739353430363733373c2f636c69656e745f69643e3c6163632069643d2230223e3c6163635f69643e3739353430363733373c2f6163635f69643e3c636172645f6e756d6265723e3739353430363733373c2f636172645f6e756d6265723e3c6d7369643e3435323031393933313038383334373c2f6d7369643e3c63737465743e32363438383c2f63737465743e3c63737469743e32363438383c2f63737469743e3c6e5f7461723e303c2f6e5f7461723e3c2f6163633e3c2f636c69656e743e3c2f636f73745f6c73743e210010
}
B_ISDN(10116):0000000001
CATEGORY_ID(10113):000002
ShortCode(10115):049236
CP_ID(10111):002
SP_ID(10112):001
CONTENT_ID(10114):0000080192
EXTRA_INFO(10117):g00000000000000000000000000000000000000051_53-20231026151609-5500-0000000001

26/10 15:16:10 [8]RECV <-- Command(272) Credit-Control Answer
Application id:4
HopByHop id:0x6af83272
EndToEnd id:0x2b10009c
AVPs:
Session-Id(263):khanhnc-GOOGLE-049236.GPLAY.84940000575.g00000000000000000000000000000000000000051_53.0000080192
Acct-Application-Id(259):4(RFC 4006 CCA)
Auth-Application-Id(258):4(RFC 4006 CCA)
Auth-Application-Id(258):4(RFC 4006 CCA)
CC-Request-Number(415):0
CC-Request-Type(416):4(EVENT_REQUEST)
Multiple-Services-Credit-Control(456):{
  Service-Identifier(439):4
  Result-Code(268):2001(DIAMETER_SUCCESS)
}
Result-Code(268):2001(DIAMETER_SUCCESS)
CPS_RESULT_CODE(1021):CPS-0000

26/10 15:16:10 [8]Processed : 
result=CPS-0000,command=refund,cps_transaction_id=0000080192
26/10 15:22:13 [NOTIFICATION] THREAD : Is running
26/10 15:22:18 [8][NOTIFICATION] CONNECTION : Is alive
26/10 15:46:09 [8][NOTIFICATION] COMMAND : No transaction
26/10 15:50:03 [8]Processing message : 
command=direct_debit,
                        seq=0000080194,
                        msisdn=84940000575,
                        amount=5500,
                        cps_b_isdn=0000000001,
                        cps_extra_info=g00000000000000000000000000000000000000051_55-20231026155003-5500-0000000001
26/10 15:50:03 [8]SEND --> Command(272) Credit-Control Request
Application id:4
HopByHop id:0x0
EndToEnd id:0x2b10016a
AVPs:
Session-Id(263):khanhnc-GOOGLE-049236.GPLAY.84940000575.g00000000000000000000000000000000000000051_55.0000080194
Acct-Application-Id(259):4(RFC 4006 CCA)
Destination-Realm(283):cps.mobifone.vn
Destination-Host(293):10.11.10.144
Origin-Host(264):127.0.0.1
Origin-Realm(296):pay.mobifone.vn
Auth-Application-Id(258):4(RFC 4006 CCA)
Service-Context-Id(461):6.32260@3gpp.org
CC-Request-Type(416):4(EVENT_REQUEST)
CC-Request-Number(415):0
Requested-Action(436):0(DIRECT_DEBITING)
Subscription-Id(443):{
  Subscription-Id-Type(450):0(END_USER_E164)
  Subscription-Id-Data(444):940000575
}
Multiple-Services-Credit-Control(456):{
  Service-Identifier(439):4
  Requested-Service-Unit(437):  {
    CC-Money(413):    {
      Unit-Value(445):      {
        Value-Digits(447):5500
      }
    }
  }
}
B_ISDN(10116):0000000001
CATEGORY_ID(10113):000001
ShortCode(10115):049236
CP_ID(10111):002
SP_ID(10112):001
CONTENT_ID(10114):0000080194
EXTRA_INFO(10117):g00000000000000000000000000000000000000051_55-20231026155003-5500-0000000001

26/10 15:50:03 [8]RECV <-- Command(272) Credit-Control Answer
Application id:4
HopByHop id:0x6af83273
EndToEnd id:0x2b10016a
AVPs:
Session-Id(263):khanhnc-GOOGLE-049236.GPLAY.84940000575.g00000000000000000000000000000000000000051_55.0000080194
Acct-Application-Id(259):4(RFC 4006 CCA)
Auth-Application-Id(258):4(RFC 4006 CCA)
Auth-Application-Id(258):4(RFC 4006 CCA)
CC-Request-Number(415):0
CC-Request-Type(416):4(EVENT_REQUEST)
Direct-Debiting-Failure-Handling(428):1(CONTINUE)
Multiple-Services-Credit-Control(456):{
  Service-Identifier(439):4
  Granted-Service-Unit(431):  {
    CC-Money(413):    {
      Unit-Value(445):      {
        Value-Digits(447):1000
      }
      Currency-Code(425):0
    }
  }
  REFUND_INFOMATION(2022):01007cps.com02047googleplay-L.0.g231507328071157137.0.0.041268.0050101568826190085683c3f786d6c2076657273696f6e3d22312e302220656e636f64696e673d2249534f2d383835392d31223f3e3c636f73745f6c73743e3c636c69656e742069643d2230223e3c636c69656e745f69643e3739353430363733373c2f636c69656e745f69643e3c6163632069643d2230223e3c6163635f69643e3739353430363733373c2f6163635f69643e3c636172645f6e756d6265723e3739353430363733373c2f636172645f6e756d6265723e3c6d7369643e3435323031393933313038383334373c2f6d7369643e3c63737465743e32363438383c2f63737465743e3c63737469743e32363438383c2f63737469743e3c6e5f7461723e303c2f6e5f7461723e3c2f6163633e3c2f636c69656e743e3c2f636f73745f6c73743e210010
  Result-Code(268):2001(DIAMETER_SUCCESS)
}
Result-Code(268):2001(DIAMETER_SUCCESS)
CPS_RESULT_CODE(1021):CPS-0000

26/10 15:50:03 [8]Processed : 
result=CPS-0000,refund_information=01007cps.com02047googleplay-L.0.g231507328071157137.0.0.041268.0050101568826190085683c3f786d6c2076657273696f6e3d22312e302220656e636f64696e673d2249534f2d383835392d31223f3e3c636f73745f6c73743e3c636c69656e742069643d2230223e3c636c69656e745f69643e3739353430363733373c2f636c69656e745f69643e3c6163632069643d2230223e3c6163635f69643e3739353430363733373c2f6163635f69643e3c636172645f6e756d6265723e3739353430363733373c2f636172645f6e756d6265723e3c6d7369643e3435323031393933313038383334373c2f6d7369643e3c63737465743e32363438383c2f63737465743e3c63737469743e32363438383c2f63737469743e3c6e5f7461723e303c2f6e5f7461723e3c2f6163633e3c2f636c69656e743e3c2f636f73745f6c73743e210010,command=direct_debit,cps_transaction_id=0000080194
26/10 15:50:14 [8]Processing message : 
command=refund,
seq=0000080194,
msisdn=84940000575,
amount=5500,
refund_information=01007cps.com02047googleplay-L.0.g231507328071157137.0.0.041268.0050101568826190085683c3f786d6c2076657273696f6e3d22312e302220656e636f64696e673d2249534f2d383835392d31223f3e3c636f73745f6c73743e3c636c69656e742069643d2230223e3c636c69656e745f69643e3739353430363733373c2f636c69656e745f69643e3c6163632069643d2230223e3c6163635f69643e3739353430363733373c2f6163635f69643e3c636172645f6e756d6265723e3739353430363733373c2f636172645f6e756d6265723e3c6d7369643e3435323031393933313038383334373c2f6d7369643e3c63737465743e32363438383c2f63737465743e3c63737469743e32363438383c2f63737469743e3c6e5f7461723e303c2f6e5f7461723e3c2f6163633e3c2f636c69656e743e3c2f636f73745f6c73743e210010,
cps_b_isdn=0000000001,
cps_extra_info=g00000000000000000000000000000000000000051_55-20231026155014-5500-0000000001
26/10 15:50:14 [8]SEND --> Command(272) Credit-Control Request
Application id:4
HopByHop id:0x0
EndToEnd id:0x2b10016e
AVPs:
Session-Id(263):khanhnc-GOOGLE-049236.GPLAY.84940000575.g00000000000000000000000000000000000000051_55.0000080194
Acct-Application-Id(259):4(RFC 4006 CCA)
Destination-Realm(283):cps.mobifone.vn
Destination-Host(293):10.11.10.144
Origin-Host(264):127.0.0.1
Origin-Realm(296):pay.mobifone.vn
Auth-Application-Id(258):4(RFC 4006 CCA)
Service-Context-Id(461):6.32260@3gpp.org
CC-Request-Type(416):4(EVENT_REQUEST)
CC-Request-Number(415):0
Requested-Action(436):1(REFUND_ACCOUNT)
Subscription-Id(443):{
  Subscription-Id-Type(450):0(END_USER_E164)
  Subscription-Id-Data(444):940000575
}
Multiple-Services-Credit-Control(456):{
  Service-Identifier(439):4
  REFUND_INFOMATION(2022):01007cps.com02047googleplay-L.0.g231507328071157137.0.0.041268.0050101568826190085683c3f786d6c2076657273696f6e3d22312e302220656e636f64696e673d2249534f2d383835392d31223f3e3c636f73745f6c73743e3c636c69656e742069643d2230223e3c636c69656e745f69643e3739353430363733373c2f636c69656e745f69643e3c6163632069643d2230223e3c6163635f69643e3739353430363733373c2f6163635f69643e3c636172645f6e756d6265723e3739353430363733373c2f636172645f6e756d6265723e3c6d7369643e3435323031393933313038383334373c2f6d7369643e3c63737465743e32363438383c2f63737465743e3c63737469743e32363438383c2f63737469743e3c6e5f7461723e303c2f6e5f7461723e3c2f6163633e3c2f636c69656e743e3c2f636f73745f6c73743e210010
}
B_ISDN(10116):0000000001
CATEGORY_ID(10113):000002
ShortCode(10115):049236
CP_ID(10111):002
SP_ID(10112):001
CONTENT_ID(10114):0000080194
EXTRA_INFO(10117):g00000000000000000000000000000000000000051_55-20231026155014-5500-0000000001

26/10 15:50:14 [8]RECV <-- Command(272) Credit-Control Answer
Application id:4
HopByHop id:0x6af83274
EndToEnd id:0x2b10016e
AVPs:
Session-Id(263):khanhnc-GOOGLE-049236.GPLAY.84940000575.g00000000000000000000000000000000000000051_55.0000080194
Acct-Application-Id(259):4(RFC 4006 CCA)
Auth-Application-Id(258):4(RFC 4006 CCA)
Auth-Application-Id(258):4(RFC 4006 CCA)
CC-Request-Number(415):0
CC-Request-Type(416):4(EVENT_REQUEST)
Multiple-Services-Credit-Control(456):{
  Service-Identifier(439):4
  Result-Code(268):2001(DIAMETER_SUCCESS)
}
Result-Code(268):2001(DIAMETER_SUCCESS)
CPS_RESULT_CODE(1021):CPS-0000

26/10 15:50:14 [8]Processed : 
result=CPS-0000,command=refund,cps_transaction_id=0000080194
26/10 15:52:18 [8][NOTIFICATION] CONNECTION : Is alive
26/10 15:52:20 [NOTIFICATION] THREAD : Is running
26/10 16:30:31 CPS_Diameter Dispatcher started
26/10 16:30:31 [3]Start connecting to server [CPS_DIAMETER],ID:[CPS_DIAMETER]
26/10 16:30:31 [3]Trying to connect..
26/10 16:30:31 [3]Connection open
26/10 16:30:47 [3]Connection created
26/10 16:30:47 [3]Trying to login
26/10 16:31:28 [3]Connecting to [CPS_DIAMETER] failed
26/10 16:31:43 [3]Error occured: Unknown error:class java.lang.NullPointerException
26/10 16:31:44 [3]Trying to close connection
26/10 16:31:44 [3]Trying to logout
26/10 16:31:45 [3]Connection closed
26/10 16:32:18 [3]Logged out
26/10 16:33:22 [3]Connection open
26/10 16:33:23 [3]Connection closed
26/10 16:33:25 [3]Connection closed
26/10 16:34:24 [9]Start connecting to server [CPS_DIAMETER],ID:[CPS_DIAMETER]
26/10 16:34:24 [9]Trying to connect..
26/10 16:34:24 [9]Connection open
26/10 16:34:29 [9]Connection created
26/10 16:34:29 [9]Trying to login
26/10 16:34:31 [9]Logged in
26/10 16:34:31 [9]Connected to server [CPS_DIAMETER]
26/10 16:45:19 [9]Processing message : 
command=direct_debit,
                        seq=0000080196,
                        msisdn=84940000575,
                        amount=5500,
                        cps_b_isdn=0000000001,
                        cps_extra_info=g00000000000000000000000000000000000000051_57-20231026164518-5500-0000000001
26/10 16:45:19 [9]SEND --> Command(272) Credit-Control Request
Application id:4
HopByHop id:0x0
EndToEnd id:0x1c20004f
AVPs:
Session-Id(263):khanhnc-GOOGLE-049236.GPLAY.84940000575.g00000000000000000000000000000000000000051_57.0000080196
Acct-Application-Id(259):4(RFC 4006 CCA)
Destination-Realm(283):cps.mobifone.vn
Destination-Host(293):10.11.10.144
Origin-Host(264):127.0.0.1
Origin-Realm(296):pay.mobifone.vn
Auth-Application-Id(258):4(RFC 4006 CCA)
Service-Context-Id(461):6.32260@3gpp.org
CC-Request-Type(416):4(EVENT_REQUEST)
CC-Request-Number(415):0
Requested-Action(436):0(DIRECT_DEBITING)
Subscription-Id(443):{
  Subscription-Id-Type(450):0(END_USER_E164)
  Subscription-Id-Data(444):940000575
}
Multiple-Services-Credit-Control(456):{
  Service-Identifier(439):4
  Requested-Service-Unit(437):  {
    CC-Money(413):    {
      Unit-Value(445):      {
        Value-Digits(447):5500
      }
    }
  }
}
B_ISDN(10116):0000000001
CATEGORY_ID(10113):000001
ShortCode(10115):049236
CP_ID(10111):002
SP_ID(10112):001
CONTENT_ID(10114):0000080196
EXTRA_INFO(10117):g00000000000000000000000000000000000000051_57-20231026164518-5500-0000000001

26/10 16:45:19 [9]RECV <-- Command(272) Credit-Control Answer
Application id:4
HopByHop id:0x6b523391
EndToEnd id:0x1c20004f
AVPs:
Session-Id(263):khanhnc-GOOGLE-049236.GPLAY.84940000575.g00000000000000000000000000000000000000051_57.0000080196
Acct-Application-Id(259):4(RFC 4006 CCA)
Auth-Application-Id(258):4(RFC 4006 CCA)
Auth-Application-Id(258):4(RFC 4006 CCA)
CC-Request-Number(415):0
CC-Request-Type(416):4(EVENT_REQUEST)
Direct-Debiting-Failure-Handling(428):1(CONTINUE)
Multiple-Services-Credit-Control(456):{
  Service-Identifier(439):4
  Granted-Service-Unit(431):  {
    CC-Money(413):    {
      Unit-Value(445):      {
        Value-Digits(447):1000
      }
      Currency-Code(425):0
    }
  }
  REFUND_INFOMATION(2022):01007cps.com02047googleplay-L.0.g231507328071157137.0.0.041268.0050101568826190085683c3f786d6c2076657273696f6e3d22312e302220656e636f64696e673d2249534f2d383835392d31223f3e3c636f73745f6c73743e3c636c69656e742069643d2230223e3c636c69656e745f69643e3739353430363733373c2f636c69656e745f69643e3c6163632069643d2230223e3c6163635f69643e3739353430363733373c2f6163635f69643e3c636172645f6e756d6265723e3739353430363733373c2f636172645f6e756d6265723e3c6d7369643e3435323031393933313038383334373c2f6d7369643e3c63737465743e32363438383c2f63737465743e3c63737469743e32363438383c2f63737469743e3c6e5f7461723e303c2f6e5f7461723e3c2f6163633e3c2f636c69656e743e3c2f636f73745f6c73743e210010
  Result-Code(268):2001(DIAMETER_SUCCESS)
}
Result-Code(268):2001(DIAMETER_SUCCESS)
CPS_RESULT_CODE(1021):CPS-0000

26/10 16:45:19 [9]Processed : 
result=CPS-0000,refund_information=01007cps.com02047googleplay-L.0.g231507328071157137.0.0.041268.0050101568826190085683c3f786d6c2076657273696f6e3d22312e302220656e636f64696e673d2249534f2d383835392d31223f3e3c636f73745f6c73743e3c636c69656e742069643d2230223e3c636c69656e745f69643e3739353430363733373c2f636c69656e745f69643e3c6163632069643d2230223e3c6163635f69643e3739353430363733373c2f6163635f69643e3c636172645f6e756d6265723e3739353430363733373c2f636172645f6e756d6265723e3c6d7369643e3435323031393933313038383334373c2f6d7369643e3c63737465743e32363438383c2f63737465743e3c63737469743e32363438383c2f63737469743e3c6e5f7461723e303c2f6e5f7461723e3c2f6163633e3c2f636c69656e743e3c2f636f73745f6c73743e210010,command=direct_debit,cps_transaction_id=0000080196
26/10 16:46:08 [9]Processing message : 
command=refund,
seq=0000080196,
msisdn=84940000575,
amount=5500,
refund_information=01007cps.com02047googleplay-L.0.g231507328071157137.0.0.041268.0050101568826190085683c3f786d6c2076657273696f6e3d22312e302220656e636f64696e673d2249534f2d383835392d31223f3e3c636f73745f6c73743e3c636c69656e742069643d2230223e3c636c69656e745f69643e3739353430363733373c2f636c69656e745f69643e3c6163632069643d2230223e3c6163635f69643e3739353430363733373c2f6163635f69643e3c636172645f6e756d6265723e3739353430363733373c2f636172645f6e756d6265723e3c6d7369643e3435323031393933313038383334373c2f6d7369643e3c63737465743e32363438383c2f63737465743e3c63737469743e32363438383c2f63737469743e3c6e5f7461723e303c2f6e5f7461723e3c2f6163633e3c2f636c69656e743e3c2f636f73745f6c73743e210010,
cps_b_isdn=0000000001,
cps_extra_info=g00000000000000000000000000000000000000051_57-20231026164604-5500-0000000001
26/10 16:46:08 [9]SEND --> Command(272) Credit-Control Request
Application id:4
HopByHop id:0x0
EndToEnd id:0x1c200057
AVPs:
Session-Id(263):khanhnc-GOOGLE-049236.GPLAY.84940000575.g00000000000000000000000000000000000000051_57.0000080196
Acct-Application-Id(259):4(RFC 4006 CCA)
Destination-Realm(283):cps.mobifone.vn
Destination-Host(293):10.11.10.144
Origin-Host(264):127.0.0.1
Origin-Realm(296):pay.mobifone.vn
Auth-Application-Id(258):4(RFC 4006 CCA)
Service-Context-Id(461):6.32260@3gpp.org
CC-Request-Type(416):4(EVENT_REQUEST)
CC-Request-Number(415):0
Requested-Action(436):1(REFUND_ACCOUNT)
Subscription-Id(443):{
  Subscription-Id-Type(450):0(END_USER_E164)
  Subscription-Id-Data(444):940000575
}
Multiple-Services-Credit-Control(456):{
  Service-Identifier(439):4
  REFUND_INFOMATION(2022):01007cps.com02047googleplay-L.0.g231507328071157137.0.0.041268.0050101568826190085683c3f786d6c2076657273696f6e3d22312e302220656e636f64696e673d2249534f2d383835392d31223f3e3c636f73745f6c73743e3c636c69656e742069643d2230223e3c636c69656e745f69643e3739353430363733373c2f636c69656e745f69643e3c6163632069643d2230223e3c6163635f69643e3739353430363733373c2f6163635f69643e3c636172645f6e756d6265723e3739353430363733373c2f636172645f6e756d6265723e3c6d7369643e3435323031393933313038383334373c2f6d7369643e3c63737465743e32363438383c2f63737465743e3c63737469743e32363438383c2f63737469743e3c6e5f7461723e303c2f6e5f7461723e3c2f6163633e3c2f636c69656e743e3c2f636f73745f6c73743e210010
}
B_ISDN(10116):0000000001
CATEGORY_ID(10113):000002
ShortCode(10115):049236
CP_ID(10111):002
SP_ID(10112):001
CONTENT_ID(10114):0000080196
EXTRA_INFO(10117):g00000000000000000000000000000000000000051_57-20231026164604-5500-0000000001

26/10 16:46:08 [9]RECV <-- Command(272) Credit-Control Answer
Application id:4
HopByHop id:0x6b523392
EndToEnd id:0x1c200057
AVPs:
Session-Id(263):khanhnc-GOOGLE-049236.GPLAY.84940000575.g00000000000000000000000000000000000000051_57.0000080196
Acct-Application-Id(259):4(RFC 4006 CCA)
Auth-Application-Id(258):4(RFC 4006 CCA)
Auth-Application-Id(258):4(RFC 4006 CCA)
CC-Request-Number(415):0
CC-Request-Type(416):4(EVENT_REQUEST)
Multiple-Services-Credit-Control(456):{
  Service-Identifier(439):4
  Result-Code(268):2001(DIAMETER_SUCCESS)
}
Result-Code(268):2001(DIAMETER_SUCCESS)
CPS_RESULT_CODE(1021):CPS-0000

26/10 16:46:08 [9]Processed : 
result=CPS-0000,command=refund,cps_transaction_id=0000080196
26/10 17:00:30 [NOTIFICATION] THREAD : Is running
26/10 17:04:31 [9][NOTIFICATION] CONNECTION : Is alive
26/10 17:16:08 [9][NOTIFICATION] COMMAND : No transaction
26/10 17:30:31 [NOTIFICATION] THREAD : Is running
