26/10 14:52:10 CDR CPS logger started
26/10 14:56:40 Logging completed
	2 records was detach
	2 records was logged
	2 records was imported
26/10 15:16:12 Logging completed
	2 records was detach
	2 records was logged
	2 records was imported
26/10 15:16:12 [NOTIFICATION] THREAD : Logger is running
26/10 15:50:23 Logging completed
	2 records was detach
	2 records was logged
	2 records was imported
26/10 15:50:23 [NOTIFICATION] THREAD : Logger is running
26/10 16:30:29 CDR CPS logger started
26/10 16:45:26 Logging completed
	1 records was detach
	1 records was logged
	1 records was imported
26/10 16:45:26 [NOTIFICATION] THREAD : Logger is running
26/10 16:46:29 Logging completed
	1 records was detach
	1 records was logged
	1 records was imported
