26/10 14:52:30 [STARTED]Log cleaner started
26/10 14:52:30 [STARTED]Fortumo Client started
26/10 14:52:30 [STARTED]Hazelcast Server Starter started
26/10 14:52:30 [STARTED]GoogleAPI started
26/10 14:52:31 [STARTED]Fortumo started
26/10 14:52:31 [STARTED]Hazelcast Client Starter started
26/10 14:52:32 [STARTED]Member Check Alive started
26/10 14:52:45 [CONNECTED]User 'system' connected successfully
26/10 14:53:40 User 'system' try to update parameter of thread 'Fortumo'
26/10 14:53:40 Parameter of thread 'Fortumo' updated
26/10 14:53:43 User 'system' try to start thread 'Fortumo'
26/10 14:53:44 [STOPPED]Fortumo stopped
26/10 14:53:44 [STARTED]Fortumo started
26/10 14:53:49 User 'system' try to start thread 'Fortumo'
26/10 14:53:49 [STOPPED]Fortumo stopped
26/10 14:53:50 [STARTED]Fortumo started
26/10 14:56:04 User 'system' try to update parameter of thread 'Fortumo'
26/10 14:56:04 Parameter of thread 'Fortumo' updated
26/10 14:56:06 User 'system' try to start thread 'Fortumo'
26/10 14:56:07 [STOPPED]Fortumo stopped
26/10 14:56:08 [STARTED]Fortumo started
26/10 15:48:53 User 'system' try to update parameter of thread 'Fortumo'
26/10 15:48:53 Parameter of thread 'Fortumo' updated
26/10 15:49:06 User 'system' try to update parameter of thread 'Fortumo'
26/10 15:49:06 Parameter of thread 'Fortumo' updated
26/10 15:49:10 User 'system' try to start thread 'Fortumo'
26/10 15:49:11 [STOPPED]Fortumo stopped
26/10 15:49:11 [STARTED]Fortumo started
26/10 16:30:11 [STARTED]Log cleaner started
26/10 16:30:11 [STARTED]Fortumo Client started
26/10 16:30:11 [STARTED]Hazelcast Server Starter started
26/10 16:30:11 [STARTED]GoogleAPI started
26/10 16:30:12 [STARTED]Fortumo started
26/10 16:30:12 [STARTED]Hazelcast Client Starter started
26/10 16:30:13 [STARTED]Member Check Alive started
